{
  "RSpec": {
    "coverage": {
      "/Users/chelseajohnson/Documents/turing/4module/ideabox/app/helpers/application_helper.rb": [
        1,
        null
      ],
      "/Users/chelseajohnson/Documents/turing/4module/ideabox/app/models/idea.rb": [
        1,
        1,
        1,
        1,
        1,
        null,
        1,
        86,
        86,
        86,
        null,
        null,
        null
      ],
      "/Users/chelseajohnson/Documents/turing/4module/ideabox/app/controllers/home_controller.rb": [
        1,
        null
      ],
      "/Users/chelseajohnson/Documents/turing/4module/ideabox/app/controllers/application_controller.rb": [
        1,
        1,
        null
      ],
      "/Users/chelseajohnson/Documents/turing/4module/ideabox/app/controllers/api/v1/ideas_controller.rb": [
        1,
        1,
        1,
        1,
        null,
        1,
        9,
        9,
        null,
        null,
        1,
        3,
        3,
        2,
        null,
        1,
        null,
        null,
        null,
        1,
        2,
        null,
        null,
        1,
        10,
        10,
        9,
        null,
        1,
        null,
        null,
        null,
        1,
        null,
        1,
        13,
        null,
        null,
        null,
        null
      ],
      "/Users/chelseajohnson/Documents/turing/4module/ideabox/app/controllers/api/api_controller.rb": [
        1,
        1,
        1,
        null,
        null
      ]
    },
    "timestamp": 1463011460
  }
}
