{
  "RSpec": {
    "coverage": {
      "/Users/chelseajohnson/Documents/turing/4module/ideabox/app/helpers/application_helper.rb": [
        1,
        null
      ],
      "/Users/chelseajohnson/Documents/turing/4module/ideabox/app/models/idea.rb": [
        1,
        1,
        1,
        1,
        1,
        null,
        1,
        27,
        27,
        27,
        null,
        null,
        null
      ],
      "/Users/chelseajohnson/Documents/turing/4module/ideabox/app/controllers/api/v1/ideas_controller.rb": [
        1,
        1,
        1,
        1,
        null,
        1,
        1,
        1,
        null,
        null,
        1,
        2,
        2,
        1,
        null,
        1,
        null,
        null,
        null,
        1,
        1,
        null,
        null,
        1,
        1,
        1,
        null,
        null,
        1,
        null,
        1,
        3,
        null,
        null,
        null,
        null
      ],
      "/Users/chelseajohnson/Documents/turing/4module/ideabox/app/controllers/api/api_controller.rb": [
        1,
        1,
        1,
        null,
        null
      ],
      "/Users/chelseajohnson/Documents/turing/4module/ideabox/app/controllers/application_controller.rb": [
        1,
        1,
        null
      ],
      "/Users/chelseajohnson/Documents/turing/4module/ideabox/app/controllers/home_controller.rb": [
        0,
        0,
        0,
        0,
        0
      ]
    },
    "timestamp": 1462909351
  }
}
